# JRE version: OpenJDK Runtime Environment Temurin-17.0.10+7 (17.0.10+7) (build 17.0.10+7)
# Java VM: OpenJDK 64-Bit Server VM Temurin-17.0.10+7 (17.0.10+7, mixed mode, emulated-client, tiered, compressed oops, compressed class ptrs, g1 gc, windows-amd64)
GC Precious Log:
 CPUs: 12 total, 12 available
 Memory: 14204M
 Large Page Support: Disabled
 NUMA Support: Disabled
 Compressed Oops: Enabled (32-bit)
 Heap Region Size: 1M
 Heap Min Capacity: 8M
 Heap Initial Capacity: 222M
 Heap Max Capacity: 1G
 Pre-touch: Disabled
 Parallel Workers: 10
 Concurrent Workers: 3
 Concurrent Refinement Workers: 10
 Periodic GC: Disabled
Heap:
 garbage-first heap   total 95232K, used 37837K [0x00000000c0000000, 0x0000000100000000)
  region size 1024K, 1 young (1024K), 0 survivors (0K)
 Metaspace       used 57576K, committed 58304K, reserved 1114112K
  class space    used 7105K, committed 7424K, reserved 1048576K
GC Heap History (20 events):
Event: 1408.762 GC heap after
{Heap after GC invocations=151 (full 136):
 garbage-first heap   total 95232K, used 36659K [0x00000000c0000000, 0x0000000100000000)
  region size 1024K, 0 young (0K), 0 survivors (0K)
 Metaspace       used 57515K, committed 58304K, reserved 1114112K
  class space    used 7089K, committed 7424K, reserved 1048576K
}
Event: 1418.818 GC heap before
{Heap before GC invocations=151 (full 136):
 garbage-first heap   total 95232K, used 36659K [0x00000000c0000000, 0x0000000100000000)
  region size 1024K, 1 young (1024K), 0 survivors (0K)
 Metaspace       used 57515K, committed 58304K, reserved 1114112K
  class space    used 7089K, committed 7424K, reserved 1048576K
}
Event: 1418.835 GC heap after
{Heap after GC invocations=152 (full 137):
 garbage-first heap   total 95232K, used 36659K [0x00000000c0000000, 0x0000000100000000)
  region size 1024K, 0 young (0K), 0 survivors (0K)
 Metaspace       used 57515K, committed 58304K, reserved 1114112K
  class space    used 7089K, committed 7424K, reserved 1048576K
}
Event: 1428.898 GC heap before
{Heap before GC invocations=152 (full 137):
 garbage-first heap   total 95232K, used 36659K [0x00000000c0000000, 0x0000000100000000)
  region size 1024K, 1 young (1024K), 0 survivors (0K)
 Metaspace       used 57515K, committed 58304K, reserved 1114112K
  class space    used 7089K, committed 7424K, reserved 1048576K
}
Event: 1428.914 GC heap after
{Heap after GC invocations=153 (full 138):
 garbage-first heap   total 95232K, used 36659K [0x00000000c0000000, 0x0000000100000000)
  region size 1024K, 0 young (0K), 0 survivors (0K)
 Metaspace       used 57515K, committed 58304K, reserved 1114112K
  class space    used 7089K, committed 7424K, reserved 1048576K
}
Event: 1438.966 GC heap before
{Heap before GC invocations=153 (full 138):
 garbage-first heap   total 95232K, used 36659K [0x00000000c0000000, 0x0000000100000000)
  region size 1024K, 1 young (1024K), 0 survivors (0K)
 Metaspace       used 57515K, committed 58304K, reserved 1114112K
  class space    used 7089K, committed 7424K, reserved 1048576K
}
Event: 1438.982 GC heap after
{Heap after GC invocations=154 (full 139):
 garbage-first heap   total 95232K, used 36659K [0x00000000c0000000, 0x0000000100000000)
  region size 1024K, 0 young (0K), 0 survivors (0K)
 Metaspace       used 57515K, committed 58304K, reserved 1114112K
  class space    used 7089K, committed 7424K, reserved 1048576K
}
Event: 1449.045 GC heap before
{Heap before GC invocations=154 (full 139):
 garbage-first heap   total 95232K, used 36659K [0x00000000c0000000, 0x0000000100000000)
  region size 1024K, 1 young (1024K), 0 survivors (0K)
 Metaspace       used 57515K, committed 58304K, reserved 1114112K
  class space    used 7089K, committed 7424K, reserved 1048576K
}
Event: 1449.063 GC heap after
{Heap after GC invocations=155 (full 140):
 garbage-first heap   total 95232K, used 36659K [0x00000000c0000000, 0x0000000100000000)
  region size 1024K, 0 young (0K), 0 survivors (0K)
 Metaspace       used 57515K, committed 58304K, reserved 1114112K
  class space    used 7089K, committed 7424K, reserved 1048576K
}
Event: 1459.117 GC heap before
{Heap before GC invocations=155 (full 140):
 garbage-first heap   total 95232K, used 36659K [0x00000000c0000000, 0x0000000100000000)
  region size 1024K, 1 young (1024K), 0 survivors (0K)
 Metaspace       used 57515K, committed 58304K, reserved 1114112K
  class space    used 7089K, committed 7424K, reserved 1048576K
}
Event: 1459.134 GC heap after
{Heap after GC invocations=156 (full 141):
 garbage-first heap   total 95232K, used 36659K [0x00000000c0000000, 0x0000000100000000)
  region size 1024K, 0 young (0K), 0 survivors (0K)
 Metaspace       used 57515K, committed 58304K, reserved 1114112K
  class space    used 7089K, committed 7424K, reserved 1048576K
}
Event: 1469.189 GC heap before
{Heap before GC invocations=156 (full 141):
 garbage-first heap   total 95232K, used 36659K [0x00000000c0000000, 0x0000000100000000)
  region size 1024K, 1 young (1024K), 0 survivors (0K)
 Metaspace       used 57515K, committed 58304K, reserved 1114112K
  class space    used 7089K, committed 7424K, reserved 1048576K
}
Event: 1469.206 GC heap after
{Heap after GC invocations=157 (full 142):
 garbage-first heap   total 95232K, used 36659K [0x00000000c0000000, 0x0000000100000000)
  region size 1024K, 0 young (0K), 0 survivors (0K)
 Metaspace       used 57515K, committed 58304K, reserved 1114112K
  class space    used 7089K, committed 7424K, reserved 1048576K
}
Event: 1509.295 GC heap before
{Heap before GC invocations=157 (full 142):
 garbage-first heap   total 95232K, used 46899K [0x00000000c0000000, 0x0000000100000000)
  region size 1024K, 11 young (11264K), 0 survivors (0K)
 Metaspace       used 57576K, committed 58304K, reserved 1114112K
  class space    used 7105K, committed 7424K, reserved 1048576K
}
Event: 1509.321 GC heap after
{Heap after GC invocations=158 (full 143):
 garbage-first heap   total 95232K, used 37414K [0x00000000c0000000, 0x0000000100000000)
  region size 1024K, 0 young (0K), 0 survivors (0K)
 Metaspace       used 57576K, committed 58304K, reserved 1114112K
  class space    used 7105K, committed 7424K, reserved 1048576K
}
Event: 1519.372 GC heap before
{Heap before GC invocations=158 (full 143):
 garbage-first heap   total 95232K, used 37414K [0x00000000c0000000, 0x0000000100000000)
  region size 1024K, 1 young (1024K), 0 survivors (0K)
 Metaspace       used 57576K, committed 58304K, reserved 1114112K
  class space    used 7105K, committed 7424K, reserved 1048576K
}
Event: 1519.392 GC heap after
{Heap after GC invocations=159 (full 144):
 garbage-first heap   total 95232K, used 37423K [0x00000000c0000000, 0x0000000100000000)
  region size 1024K, 0 young (0K), 0 survivors (0K)
 Metaspace       used 57576K, committed 58304K, reserved 1114112K
  class space    used 7105K, committed 7424K, reserved 1048576K
}
Event: 1529.454 GC heap before
{Heap before GC invocations=159 (full 144):
 garbage-first heap   total 95232K, used 37423K [0x00000000c0000000, 0x0000000100000000)
  region size 1024K, 1 young (1024K), 0 survivors (0K)
 Metaspace       used 57576K, committed 58304K, reserved 1114112K
  class space    used 7105K, committed 7424K, reserved 1048576K
}
Event: 1529.474 GC heap after
{Heap after GC invocations=160 (full 145):
 garbage-first heap   total 95232K, used 37423K [0x00000000c0000000, 0x0000000100000000)
  region size 1024K, 0 young (0K), 0 survivors (0K)
 Metaspace       used 57576K, committed 58304K, reserved 1114112K
  class space    used 7105K, committed 7424K, reserved 1048576K
}
Event: 1539.533 GC heap before
{Heap before GC invocations=160 (full 145):
 garbage-first heap   total 95232K, used 37423K [0x00000000c0000000, 0x0000000100000000)
  region size 1024K, 1 young (1024K), 0 survivors (0K)
 Metaspace       used 57576K, committed 58304K, reserved 1114112K
  class space    used 7105K, committed 7424K, reserved 1048576K
}

